선택된 모델: cnn
모델 구조:
CNNBinaryClassifier(
  (conv_block): Sequential(
    (0): Conv1d(1, 64, kernel_size=(3,), stride=(1,), padding=(1,))
    (1): BatchNorm1d(64, eps=1e-05, momentum=0.1, affine=True, track_running_stats=True)
    (2): ReLU()
    (3): Conv1d(64, 128, kernel_size=(3,), stride=(1,), padding=(1,))
    (4): BatchNorm1d(128, eps=1e-05, momentum=0.1, affine=True, track_running_stats=True)
    (5): ReLU()
    (6): AdaptiveAvgPool1d(output_size=1)
  )
  (fc_layers): Sequential(
    (0): Linear(in_features=128, out_features=512, bias=True)
    (1): BatchNorm1d(512, eps=1e-05, momentum=0.1, affine=True, track_running_stats=True)
    (2): ReLU()
    (3): Dropout(p=0.3, inplace=False)
    (4): Linear(in_features=512, out_features=256, bias=True)
    (5): BatchNorm1d(256, eps=1e-05, momentum=0.1, affine=True, track_running_stats=True)
    (6): ReLU()
    (7): Dropout(p=0.3, inplace=False)
    (8): Linear(in_features=256, out_features=1, bias=True)
  )
)
Epoch [1/100], Train Loss: 0.2621 | Train Accuracy: 29.1867 | Train AUC: 0.7036, Validation Loss: 0.3408 | Validation Accuracy: 29.5588 | Validation AUC: 0.6049
Epoch [2/100], Train Loss: 0.2281 | Train Accuracy: 29.2502 | Train AUC: 0.7901, Validation Loss: 0.4232 | Validation Accuracy: 28.5246 | Validation AUC: 0.5817
Epoch [3/100], Train Loss: 0.2146 | Train Accuracy: 29.1501 | Train AUC: 0.8250, Validation Loss: 0.3996 | Validation Accuracy: 29.5397 | Validation AUC: 0.8198
Epoch [4/100], Train Loss: 0.2055 | Train Accuracy: 28.9949 | Train AUC: 0.8454, Validation Loss: 0.6426 | Validation Accuracy: 19.1859 | Validation AUC: 0.6988
Epoch [5/100], Train Loss: 0.1906 | Train Accuracy: 28.8679 | Train AUC: 0.8716, Validation Loss: 0.2697 | Validation Accuracy: 29.5588 | Validation AUC: 0.7679
Epoch [6/100], Train Loss: 0.1889 | Train Accuracy: 28.7576 | Train AUC: 0.8735, Validation Loss: 1.5352 | Validation Accuracy: 11.8472 | Validation AUC: 0.8049
Epoch [7/100], Train Loss: 0.1768 | Train Accuracy: 28.6863 | Train AUC: 0.8918, Validation Loss: 0.5071 | Validation Accuracy: 28.5357 | Validation AUC: 0.6425
Epoch [8/100], Train Loss: 0.1764 | Train Accuracy: 28.6891 | Train AUC: 0.8936, Validation Loss: 0.2835 | Validation Accuracy: 28.8995 | Validation AUC: 0.8436
Epoch [9/100], Train Loss: 0.1677 | Train Accuracy: 28.6272 | Train AUC: 0.9091, Validation Loss: 0.8119 | Validation Accuracy: 29.5397 | Validation AUC: 0.6158
Epoch [10/100], Train Loss: 0.1710 | Train Accuracy: 28.6163 | Train AUC: 0.9031, Validation Loss: 1.2369 | Validation Accuracy: 10.9085 | Validation AUC: 0.8342
Epoch [11/100], Train Loss: 0.1642 | Train Accuracy: 28.5530 | Train AUC: 0.9108, Validation Loss: 9.9845 | Validation Accuracy: 2.3819 | Validation AUC: 0.6435
Epoch [12/100], Train Loss: 0.1616 | Train Accuracy: 28.4637 | Train AUC: 0.9180, Validation Loss: 5.0221 | Validation Accuracy: 2.3980 | Validation AUC: 0.8030
Epoch [13/100], Train Loss: 0.1563 | Train Accuracy: 28.5076 | Train AUC: 0.9214, Validation Loss: 16.3148 | Validation Accuracy: 2.3819 | Validation AUC: 0.6899
Epoch [14/100], Train Loss: 0.1574 | Train Accuracy: 28.4501 | Train AUC: 0.9227, Validation Loss: 11.9279 | Validation Accuracy: 2.3819 | Validation AUC: 0.6733
Epoch [15/100], Train Loss: 0.1546 | Train Accuracy: 28.3947 | Train AUC: 0.9248, Validation Loss: 0.7770 | Validation Accuracy: 18.8945 | Validation AUC: 0.8146
Epoch [16/100], Train Loss: 0.1452 | Train Accuracy: 28.3676 | Train AUC: 0.9344, Validation Loss: 1.9751 | Validation Accuracy: 29.5397 | Validation AUC: 0.5819
Epoch [17/100], Train Loss: 0.1421 | Train Accuracy: 28.3812 | Train AUC: 0.9370, Validation Loss: 0.2347 | Validation Accuracy: 29.2965 | Validation AUC: 0.8450
Epoch [18/100], Train Loss: 0.1429 | Train Accuracy: 28.3894 | Train AUC: 0.9382, Validation Loss: 0.6601 | Validation Accuracy: 29.5397 | Validation AUC: 0.7793
Epoch [19/100], Train Loss: 0.1404 | Train Accuracy: 28.3279 | Train AUC: 0.9403, Validation Loss: 2.2877 | Validation Accuracy: 29.5397 | Validation AUC: 0.5966
Epoch [20/100], Train Loss: 0.1367 | Train Accuracy: 28.2987 | Train AUC: 0.9432, Validation Loss: 2.2173 | Validation Accuracy: 6.0332 | Validation AUC: 0.6010
Epoch [21/100], Train Loss: 0.1381 | Train Accuracy: 28.3078 | Train AUC: 0.9431, Validation Loss: 3.8091 | Validation Accuracy: 2.5588 | Validation AUC: 0.7631
Epoch [22/100], Train Loss: 0.1350 | Train Accuracy: 28.2987 | Train AUC: 0.9441, Validation Loss: 0.2584 | Validation Accuracy: 28.2935 | Validation AUC: 0.8763
Epoch [23/100], Train Loss: 0.1300 | Train Accuracy: 28.2078 | Train AUC: 0.9509, Validation Loss: 4.9831 | Validation Accuracy: 2.3819 | Validation AUC: 0.7605
Epoch [24/100], Train Loss: 0.1275 | Train Accuracy: 28.1626 | Train AUC: 0.9529, Validation Loss: 12.0435 | Validation Accuracy: 2.3819 | Validation AUC: 0.6600
Epoch [25/100], Train Loss: 0.1198 | Train Accuracy: 28.2303 | Train AUC: 0.9602, Validation Loss: 10.5310 | Validation Accuracy: 2.3819 | Validation AUC: 0.6643
Epoch [26/100], Train Loss: 0.1235 | Train Accuracy: 28.1559 | Train AUC: 0.9578, Validation Loss: 4.3107 | Validation Accuracy: 2.3980 | Validation AUC: 0.6863
Epoch [27/100], Train Loss: 0.1256 | Train Accuracy: 28.2249 | Train AUC: 0.9553, Validation Loss: 4.0273 | Validation Accuracy: 2.8613 | Validation AUC: 0.6561
Epoch [28/100], Train Loss: 0.1157 | Train Accuracy: 28.1026 | Train AUC: 0.9618, Validation Loss: 7.9597 | Validation Accuracy: 2.3819 | Validation AUC: 0.8714
Epoch [29/100], Train Loss: 0.1187 | Train Accuracy: 28.0934 | Train AUC: 0.9601, Validation Loss: 0.5239 | Validation Accuracy: 26.7427 | Validation AUC: 0.6049
Epoch [30/100], Train Loss: 0.1237 | Train Accuracy: 28.1270 | Train AUC: 0.9583, Validation Loss: 8.5793 | Validation Accuracy: 2.3819 | Validation AUC: 0.7016
Epoch [31/100], Train Loss: 0.1182 | Train Accuracy: 28.1362 | Train AUC: 0.9611, Validation Loss: 1.2295 | Validation Accuracy: 12.8613 | Validation AUC: 0.8170
Epoch [32/100], Train Loss: 0.1167 | Train Accuracy: 28.1508 | Train AUC: 0.9616, Validation Loss: 5.1305 | Validation Accuracy: 2.3819 | Validation AUC: 0.7183
Epoch [33/100], Train Loss: 0.1148 | Train Accuracy: 28.1106 | Train AUC: 0.9616, Validation Loss: 3.4655 | Validation Accuracy: 29.5397 | Validation AUC: 0.6436
Epoch [34/100], Train Loss: 0.1059 | Train Accuracy: 28.0772 | Train AUC: 0.9700, Validation Loss: 8.6080 | Validation Accuracy: 29.5397 | Validation AUC: 0.5046
Epoch [35/100], Train Loss: 0.1060 | Train Accuracy: 27.9910 | Train AUC: 0.9703, Validation Loss: 8.8790 | Validation Accuracy: 29.5397 | Validation AUC: 0.5000
Epoch [36/100], Train Loss: 0.1122 | Train Accuracy: 28.1043 | Train AUC: 0.9645, Validation Loss: 1.4027 | Validation Accuracy: 29.5719 | Validation AUC: 0.7030
Epoch [37/100], Train Loss: 0.1031 | Train Accuracy: 27.9594 | Train AUC: 0.9708, Validation Loss: 3.8841 | Validation Accuracy: 2.6231 | Validation AUC: 0.8134
Epoch [38/100], Train Loss: 0.1033 | Train Accuracy: 27.9846 | Train AUC: 0.9700, Validation Loss: 19.2755 | Validation Accuracy: 2.3819 | Validation AUC: 0.6659
Epoch [39/100], Train Loss: 0.1046 | Train Accuracy: 27.9638 | Train AUC: 0.9690, Validation Loss: 11.1017 | Validation Accuracy: 2.3819 | Validation AUC: 0.7659
Epoch [40/100], Train Loss: 0.1046 | Train Accuracy: 28.0778 | Train AUC: 0.9701, Validation Loss: 1.2082 | Validation Accuracy: 25.7879 | Validation AUC: 0.6151
Epoch [41/100], Train Loss: 0.1064 | Train Accuracy: 28.0393 | Train AUC: 0.9693, Validation Loss: 4.7585 | Validation Accuracy: 4.0704 | Validation AUC: 0.7729
Epoch [42/100], Train Loss: 0.0977 | Train Accuracy: 27.9207 | Train AUC: 0.9748, Validation Loss: 5.4216 | Validation Accuracy: 29.5397 | Validation AUC: 0.6586
Epoch [43/100], Train Loss: 0.0960 | Train Accuracy: 27.9127 | Train AUC: 0.9749, Validation Loss: 1.6126 | Validation Accuracy: 16.7266 | Validation AUC: 0.8298
Epoch [44/100], Train Loss: 0.0957 | Train Accuracy: 27.9151 | Train AUC: 0.9760, Validation Loss: 24.9283 | Validation Accuracy: 2.3819 | Validation AUC: 0.6477
Epoch [45/100], Train Loss: 0.1024 | Train Accuracy: 27.9911 | Train AUC: 0.9725, Validation Loss: 0.2615 | Validation Accuracy: 29.9015 | Validation AUC: 0.8524
Epoch [46/100], Train Loss: 0.0972 | Train Accuracy: 27.9272 | Train AUC: 0.9748, Validation Loss: 2.0802 | Validation Accuracy: 29.5397 | Validation AUC: 0.6822
Epoch [47/100], Train Loss: 0.1008 | Train Accuracy: 27.9591 | Train AUC: 0.9729, Validation Loss: 1.5055 | Validation Accuracy: 10.1879 | Validation AUC: 0.7063
Epoch [48/100], Train Loss: 0.0986 | Train Accuracy: 27.9192 | Train AUC: 0.9735, Validation Loss: 4.7103 | Validation Accuracy: 3.4724 | Validation AUC: 0.7447
Epoch [49/100], Train Loss: 0.0901 | Train Accuracy: 27.8360 | Train AUC: 0.9787, Validation Loss: 7.5277 | Validation Accuracy: 2.9126 | Validation AUC: 0.8226
Epoch [50/100], Train Loss: 0.0882 | Train Accuracy: 27.9314 | Train AUC: 0.9801, Validation Loss: 12.4526 | Validation Accuracy: 2.3819 | Validation AUC: 0.6464
Epoch [51/100], Train Loss: 0.0967 | Train Accuracy: 27.9045 | Train AUC: 0.9751, Validation Loss: 3.1544 | Validation Accuracy: 6.4955 | Validation AUC: 0.7385
Epoch [52/100], Train Loss: 0.0870 | Train Accuracy: 27.8831 | Train AUC: 0.9807, Validation Loss: 1.4046 | Validation Accuracy: 29.6291 | Validation AUC: 0.7098
Epoch [53/100], Train Loss: 0.0848 | Train Accuracy: 27.8972 | Train AUC: 0.9808, Validation Loss: 15.1173 | Validation Accuracy: 2.3819 | Validation AUC: 0.7151
Epoch [54/100], Train Loss: 0.0879 | Train Accuracy: 27.8070 | Train AUC: 0.9805, Validation Loss: 18.2018 | Validation Accuracy: 2.3819 | Validation AUC: 0.7054
Epoch [55/100], Train Loss: 0.0849 | Train Accuracy: 27.8744 | Train AUC: 0.9821, Validation Loss: 15.2952 | Validation Accuracy: 2.3819 | Validation AUC: 0.6452
Epoch [56/100], Train Loss: 0.0837 | Train Accuracy: 27.8822 | Train AUC: 0.9827, Validation Loss: 14.4134 | Validation Accuracy: 2.3819 | Validation AUC: 0.8318
Epoch [57/100], Train Loss: 0.0863 | Train Accuracy: 27.8132 | Train AUC: 0.9803, Validation Loss: 52.0469 | Validation Accuracy: 2.3819 | Validation AUC: 0.6213
Epoch [58/100], Train Loss: 0.0908 | Train Accuracy: 27.9252 | Train AUC: 0.9768, Validation Loss: 1.9130 | Validation Accuracy: 29.5397 | Validation AUC: 0.8058
Epoch [59/100], Train Loss: 0.0853 | Train Accuracy: 27.8118 | Train AUC: 0.9820, Validation Loss: 2.1320 | Validation Accuracy: 8.1839 | Validation AUC: 0.7479
Epoch [60/100], Train Loss: 0.0850 | Train Accuracy: 27.8321 | Train AUC: 0.9803, Validation Loss: 11.5120 | Validation Accuracy: 2.3819 | Validation AUC: 0.8004
Epoch [61/100], Train Loss: 0.0830 | Train Accuracy: 27.8098 | Train AUC: 0.9818, Validation Loss: 3.7467 | Validation Accuracy: 9.0372 | Validation AUC: 0.6376
Epoch [62/100], Train Loss: 0.0891 | Train Accuracy: 27.8406 | Train AUC: 0.9789, Validation Loss: 0.7111 | Validation Accuracy: 19.4000 | Validation AUC: 0.8333
Epoch [63/100], Train Loss: 0.0781 | Train Accuracy: 27.8156 | Train AUC: 0.9846, Validation Loss: 1.4297 | Validation Accuracy: 19.7739 | Validation AUC: 0.6648
Epoch [64/100], Train Loss: 0.0877 | Train Accuracy: 27.8308 | Train AUC: 0.9806, Validation Loss: 9.0087 | Validation Accuracy: 2.3980 | Validation AUC: 0.6905
Epoch [65/100], Train Loss: 0.0807 | Train Accuracy: 27.8188 | Train AUC: 0.9834, Validation Loss: 8.7517 | Validation Accuracy: 29.5397 | Validation AUC: 0.5095
Epoch [66/100], Train Loss: 0.0798 | Train Accuracy: 27.8118 | Train AUC: 0.9840, Validation Loss: 1.5097 | Validation Accuracy: 14.6342 | Validation AUC: 0.7085
Epoch [67/100], Train Loss: 0.0827 | Train Accuracy: 27.8599 | Train AUC: 0.9826, Validation Loss: 12.4766 | Validation Accuracy: 2.3819 | Validation AUC: 0.8219
Epoch [68/100], Train Loss: 0.0745 | Train Accuracy: 27.7882 | Train AUC: 0.9855, Validation Loss: 28.6517 | Validation Accuracy: 2.3819 | Validation AUC: 0.7070
Epoch [69/100], Train Loss: 0.0772 | Train Accuracy: 27.8328 | Train AUC: 0.9850, Validation Loss: 0.3267 | Validation Accuracy: 29.3889 | Validation AUC: 0.8319
Epoch [70/100], Train Loss: 0.0842 | Train Accuracy: 27.8298 | Train AUC: 0.9817, Validation Loss: 8.7061 | Validation Accuracy: 2.3819 | Validation AUC: 0.7443
Epoch [71/100], Train Loss: 0.0771 | Train Accuracy: 27.8472 | Train AUC: 0.9855, Validation Loss: 2.1145 | Validation Accuracy: 9.5156 | Validation AUC: 0.8371
Epoch [72/100], Train Loss: 0.0820 | Train Accuracy: 27.8879 | Train AUC: 0.9821, Validation Loss: 3.2671 | Validation Accuracy: 4.3889 | Validation AUC: 0.7923
Epoch [73/100], Train Loss: 0.0737 | Train Accuracy: 27.8005 | Train AUC: 0.9859, Validation Loss: 10.9288 | Validation Accuracy: 2.3819 | Validation AUC: 0.7678
Epoch [74/100], Train Loss: 0.0776 | Train Accuracy: 27.8040 | Train AUC: 0.9843, Validation Loss: 16.9825 | Validation Accuracy: 2.3819 | Validation AUC: 0.7706
Epoch [75/100], Train Loss: 0.0684 | Train Accuracy: 27.7885 | Train AUC: 0.9882, Validation Loss: 8.8790 | Validation Accuracy: 29.5397 | Validation AUC: 0.5000
Epoch [76/100], Train Loss: 0.0742 | Train Accuracy: 27.7544 | Train AUC: 0.9855, Validation Loss: 0.5454 | Validation Accuracy: 29.5568 | Validation AUC: 0.6936
Epoch [77/100], Train Loss: 0.0736 | Train Accuracy: 27.7786 | Train AUC: 0.9863, Validation Loss: 26.9288 | Validation Accuracy: 2.3819 | Validation AUC: 0.6657
Epoch [78/100], Train Loss: 0.0780 | Train Accuracy: 27.7933 | Train AUC: 0.9837, Validation Loss: 0.7023 | Validation Accuracy: 29.5397 | Validation AUC: 0.8033
Epoch [79/100], Train Loss: 0.0671 | Train Accuracy: 27.7503 | Train AUC: 0.9887, Validation Loss: 13.1715 | Validation Accuracy: 2.7196 | Validation AUC: 0.6662
Epoch [80/100], Train Loss: 0.0777 | Train Accuracy: 27.7768 | Train AUC: 0.9842, Validation Loss: 3.0278 | Validation Accuracy: 9.2935 | Validation AUC: 0.8479
Epoch [81/100], Train Loss: 0.0729 | Train Accuracy: 27.8061 | Train AUC: 0.9856, Validation Loss: 1.0593 | Validation Accuracy: 29.6161 | Validation AUC: 0.8237
Epoch [82/100], Train Loss: 0.0644 | Train Accuracy: 27.7119 | Train AUC: 0.9904, Validation Loss: 4.5550 | Validation Accuracy: 11.7035 | Validation AUC: 0.6309
Epoch [83/100], Train Loss: 0.0722 | Train Accuracy: 27.7495 | Train AUC: 0.9861, Validation Loss: 1.3545 | Validation Accuracy: 19.0412 | Validation AUC: 0.7331
Epoch [84/100], Train Loss: 0.0655 | Train Accuracy: 27.6922 | Train AUC: 0.9893, Validation Loss: 8.8790 | Validation Accuracy: 29.5397 | Validation AUC: 0.5000
Epoch [85/100], Train Loss: 0.0706 | Train Accuracy: 27.7487 | Train AUC: 0.9871, Validation Loss: 1.0171 | Validation Accuracy: 15.3317 | Validation AUC: 0.7774
Epoch [86/100], Train Loss: 0.0723 | Train Accuracy: 27.8050 | Train AUC: 0.9867, Validation Loss: 4.0557 | Validation Accuracy: 4.6302 | Validation AUC: 0.7582
Epoch [87/100], Train Loss: 0.0713 | Train Accuracy: 27.7372 | Train AUC: 0.9878, Validation Loss: 0.5371 | Validation Accuracy: 24.8402 | Validation AUC: 0.7964
Epoch [88/100], Train Loss: 0.0644 | Train Accuracy: 27.7020 | Train AUC: 0.9903, Validation Loss: 1.3025 | Validation Accuracy: 20.6583 | Validation AUC: 0.7986
Epoch [89/100], Train Loss: 0.0686 | Train Accuracy: 27.7607 | Train AUC: 0.9876, Validation Loss: 2.5355 | Validation Accuracy: 9.2101 | Validation AUC: 0.7948
Epoch [90/100], Train Loss: 0.0689 | Train Accuracy: 27.7626 | Train AUC: 0.9879, Validation Loss: 0.5442 | Validation Accuracy: 29.4362 | Validation AUC: 0.7261
Epoch [91/100], Train Loss: 0.0627 | Train Accuracy: 27.7297 | Train AUC: 0.9902, Validation Loss: 14.2030 | Validation Accuracy: 2.3819 | Validation AUC: 0.8009
Epoch [92/100], Train Loss: 0.0681 | Train Accuracy: 27.7473 | Train AUC: 0.9891, Validation Loss: 3.2675 | Validation Accuracy: 29.5397 | Validation AUC: 0.6667
Epoch [93/100], Train Loss: 0.0693 | Train Accuracy: 27.7042 | Train AUC: 0.9876, Validation Loss: 9.6268 | Validation Accuracy: 2.7357 | Validation AUC: 0.6746
Epoch [94/100], Train Loss: 0.0674 | Train Accuracy: 27.7458 | Train AUC: 0.9891, Validation Loss: 4.3613 | Validation Accuracy: 29.6231 | Validation AUC: 0.7637
Epoch [95/100], Train Loss: 0.0592 | Train Accuracy: 27.7296 | Train AUC: 0.9915, Validation Loss: 7.5504 | Validation Accuracy: 6.3538 | Validation AUC: 0.8741
Epoch [96/100], Train Loss: 0.0673 | Train Accuracy: 27.7614 | Train AUC: 0.9882, Validation Loss: 5.1597 | Validation Accuracy: 4.9910 | Validation AUC: 0.6939
Epoch [97/100], Train Loss: 0.0683 | Train Accuracy: 27.7450 | Train AUC: 0.9879, Validation Loss: 25.0994 | Validation Accuracy: 2.3819 | Validation AUC: 0.6777
Epoch [98/100], Train Loss: 0.0696 | Train Accuracy: 27.7688 | Train AUC: 0.9875, Validation Loss: 23.0396 | Validation Accuracy: 2.3819 | Validation AUC: 0.7428
Epoch [99/100], Train Loss: 0.0683 | Train Accuracy: 27.7469 | Train AUC: 0.9886, Validation Loss: 23.5932 | Validation Accuracy: 2.3980 | Validation AUC: 0.6623
Epoch [100/100], Train Loss: 0.0641 | Train Accuracy: 27.8001 | Train AUC: 0.9893, Validation Loss: 1.0145 | Validation Accuracy: 22.1558 | Validation AUC: 0.6411
Train Loss: 0.7903, Accuracy: 21.7128, AUC: 0.7535
Validation Loss: 1.0145, Accuracy: 22.1558, AUC: 0.6411
Test Loss: 0.9842, Accuracy: 22.0803, AUC: 0.6768
/home/s25piteam/miniconda3/envs/tileenv/lib/python3.8/site-packages/torch/cuda/__init__.py:128: UserWarning: CUDA initialization: The NVIDIA driver on your system is too old (found version 11060). Please update your GPU driver by downloading and installing a new version from the URL: http://www.nvidia.com/Download/index.aspx Alternatively, go to: https://pytorch.org to install a PyTorch version that has been compiled with your version of the CUDA driver. (Triggered internally at ../c10/cuda/CUDAFunctions.cpp:108.)
  return torch._C._cuda_getDeviceCount() > 0
